00:00:00.000856 main     VirtualBox COM Server 6.1.18 r142142 win.amd64 (Jan  7 2021 15:32:19) release log
00:00:00.000860 main     Log opened 2021-02-03T21:07:52.988153600Z
00:00:00.000861 main     Build Type: release
00:00:00.000866 main     OS Product: Windows 10
00:00:00.000868 main     OS Release: 10.0.18363
00:00:00.000869 main     OS Service Pack: 
00:00:00.083711 main     DMI Product Name: 2429C28
00:00:00.094425 main     DMI Product Version: ThinkPad T530
00:00:00.094436 main     Firmware type: BIOS
00:00:00.094443 main     Host RAM: 3819MB (3.7GB) total, 589MB available
00:00:00.094451 main     Executable: C:\Program Files\Oracle\VirtualBox\VBoxSVC.exe
00:00:00.094451 main     Process ID: 10788
00:00:00.094452 main     Package type: WINDOWS_64BITS_GENERIC
00:00:00.382681          VirtualBox: object creation starts
00:00:00.402935          Home directory: 'C:\Users\T530\.VirtualBox'
00:00:00.488139          Installed Drivers:
00:00:00.550966            C:\WINDOWS\system32\DRIVERS\VBoxDrv.sys (Version: 6.1.18.42142)
00:00:00.562891            C:\WINDOWS\system32\DRIVERS\VBoxUSBMon.sys (Version: 6.1.18.42142)
00:00:00.572625            C:\WINDOWS\system32\DRIVERS\VBoxNetAdp6.sys (Version: 6.1.18.42142)
00:00:00.582898            C:\WINDOWS\system32\DRIVERS\VBoxNetLwf.sys (Version: 6.1.18.42142)
00:00:00.649300          Loading settings file "C:\Users\T530\.VirtualBox\VirtualBox.xml" with version "1.12-windows"
00:00:00.691319          usbLibGetDevices: Starting USB device enumeration
00:00:00.697190          Getting USB descriptor (id 0) failed (dwErr=31) on hub USB#VID_8087&PID_0024#5&2d14848a&0&1#{f18a0e88-c30c-11d0-8815-00a0c906bed8} port 3
00:00:00.697404          Getting USB descriptor (id 0) failed (dwErr=31) on hub USB#VID_8087&PID_0024#5&2d14848a&0&1#{f18a0e88-c30c-11d0-8815-00a0c906bed8} port 4
00:00:00.697601          Getting USB descriptor (id 0) failed (dwErr=31) on hub USB#VID_8087&PID_0024#5&2d14848a&0&1#{f18a0e88-c30c-11d0-8815-00a0c906bed8} port 6
00:00:00.764817          usbLibGetDevices: Found 4 USB devices, 0 captured
00:00:00.780897          USB: Unknown USB device detected (idVendor: 0x5986, idProduct: 0x02d2)
00:00:01.343029          HostDnsMonitor: initializing
00:00:01.379458          HostDnsMonitor: updating information
00:00:01.389319          HostDnsMonitor: old information
00:00:01.389324            no server entries
00:00:01.389327            no domain set
00:00:01.389328            no search string entries
00:00:01.389330          HostDnsMonitor: new information
00:00:01.389331            server 1: 192.168.8.1
00:00:01.389333            no domain set
00:00:01.389334            no search string entries
00:00:01.531566          SUPR0QueryVTCaps -> VERR_VMX_MSR_ALL_VMX_DISABLED
00:00:01.572554          VD: VDInit finished with VINF_SUCCESS
00:00:01.597674          VirtualBox: object created
00:00:17.560838          Saving settings file "C:\Users\T530\.VirtualBox\VirtualBox.xml" with version "1.12-windows"
00:00:17.610193          Saving settings file "C:\Users\T530\.VirtualBox\VirtualBox.xml" with version "1.12-windows"
00:00:23.727336 main     VirtualBox: object deletion starts
00:00:23.729189 main     HostDnsMonitor: shutting down ...
00:00:23.729314 main     HostDnsMonitor: shut down
00:00:23.746064 Watcher  ERROR [COM]: aRC=E_ACCESSDENIED (0x80070005) aIID={d0a0163f-e254-4e5b-a1f2-011cf991c38d} aComponent={VirtualBoxWrap} aText={The object is not ready}, preserve=false aResultDetail=0
00:00:23.768720 main     VirtualBox: object deleted
